<?xml version="1.0" encoding="UTF-8"?>
<!-- Generated by org.testng.reporters.JUnitReportReporter -->
<testsuite hostname="Hari" failures="0" tests="5" name="TestNg.AnnotationAttributes" time="68.348" errors="0" timestamp="2024-10-19T09:33:32 IST" skipped="0">
  <testcase classname="TestNg.AnnotationAttributes" name="register" time="8.818"/>
  <system-out>
    <![CDATA[register successfull]]>
  </system-out>
  <testcase classname="TestNg.AnnotationAttributes" name="login" time="13.094"/>
  <system-out>
    <![CDATA[Login successfull]]>
  </system-out>
  <testcase classname="TestNg.AnnotationAttributes" name="login" time="17.760"/>
  <system-out>
    <![CDATA[Login successfull]]>
  </system-out>
  <testcase classname="TestNg.AnnotationAttributes" name="login" time="10.848"/>
  <system-out>
    <![CDATA[Login successfull]]>
  </system-out>
  <testcase classname="TestNg.AnnotationAttributes" name="login" time="17.828"/>
  <system-out>
    <![CDATA[Login successfull]]>
  </system-out>
</testsuite> <!-- TestNg.AnnotationAttributes -->
