<?xml version="1.0" encoding="UTF-8"?>
<!-- Generated by org.testng.reporters.JUnitReportReporter -->
<testsuite hostname="Hari" failures="0" tests="1" name="Cars.Ferrari" time="20.672" errors="0" timestamp="2024-10-23T09:09:54 IST" skipped="0">
  <testcase classname="Cars.Ferrari" name="launch" time="20.672"/>
  <system-out>
    <![CDATA[Ferrari]]>
  </system-out>
</testsuite> <!-- Cars.Ferrari -->
