<?xml version="1.0" encoding="UTF-8"?>
<!-- Generated by org.testng.reporters.JUnitReportReporter -->
<testsuite hostname="Hari" failures="0" tests="3" name="AssignmentTestNGPOM.Bank" time="0.085" errors="0" timestamp="2024-10-20T22:46:05 IST" skipped="0">
  <testcase classname="AssignmentTestNGPOM.Bank" name="editAccount" time="0.013"/>
  <system-out>
    <![CDATA[Acc Edited]]>
  </system-out>
  <testcase classname="AssignmentTestNGPOM.Bank" name="createAccount" time="0.050"/>
  <system-out>
    <![CDATA[Accc Created]]>
  </system-out>
  <testcase classname="AssignmentTestNGPOM.Bank" name="deleteAccount" time="0.022"/>
  <system-out>
    <![CDATA[Acc deleted]]>
  </system-out>
</testsuite> <!-- AssignmentTestNGPOM.Bank -->
