<?xml version="1.0" encoding="UTF-8"?>
<!-- Generated by org.testng.reporters.JUnitReportReporter -->
<testsuite hostname="Hari" failures="0" tests="1" name="Cars.VolkSwagen" time="36.214" errors="0" timestamp="2024-10-23T08:45:11 IST" skipped="0">
  <testcase classname="Cars.VolkSwagen" name="launch" time="36.214"/>
  <system-out>
    <![CDATA[VolkSwagen]]>
  </system-out>
</testsuite> <!-- Cars.VolkSwagen -->
