<?xml version="1.0" encoding="UTF-8"?>
<!-- Generated by org.testng.reporters.JUnitReportReporter -->
<testsuite hostname="Hari" failures="0" tests="1" name="Cars.Lamoborghini" time="23.870" errors="0" timestamp="2024-10-23T09:09:54 IST" skipped="0">
  <testcase classname="Cars.Lamoborghini" name="launch" time="23.870"/>
  <system-out>
    <![CDATA[Lamoborghini]]>
  </system-out>
</testsuite> <!-- Cars.Lamoborghini -->
