<?xml version="1.0" encoding="UTF-8"?>
<!-- Generated by org.testng.reporters.JUnitReportReporter -->
<testsuite hostname="Hari" failures="0" tests="2" name="CrossBrowserTesting.CrossbrowserScript" time="25.934" errors="0" timestamp="2024-10-28T09:18:34 IST" skipped="0">
  <testcase classname="CrossBrowserTesting.CrossbrowserScript" name="launch" time="14.992"/>
  <system-out/>
  <testcase classname="CrossBrowserTesting.CrossbrowserScript" name="launch" time="10.942"/>
  <system-out/>
</testsuite> <!-- CrossBrowserTesting.CrossbrowserScript -->
