<?xml version="1.0" encoding="UTF-8"?>
<!-- Generated by org.testng.reporters.JUnitReportReporter -->
<testsuite hostname="Hari" failures="0" tests="1" name="AssignmentTestNGPOM.DemoappSkillraryApp" time="12.878" errors="0" timestamp="2024-10-18T23:08:32 IST" skipped="0">
  <testcase classname="AssignmentTestNGPOM.DemoappSkillraryApp" name="Demo" time="12.878"/>
  <system-out>
    <![CDATA[SkillRary Ecommerce]]>
  </system-out>
</testsuite> <!-- AssignmentTestNGPOM.DemoappSkillraryApp -->
