<?xml version="1.0" encoding="UTF-8"?>
<!-- Generated by org.testng.reporters.JUnitReportReporter -->
<testsuite hostname="Hari" failures="0" tests="1" name="AssignmentTestNGPOM.TestCaseassign" time="79.618" errors="0" timestamp="2024-10-26T20:27:14 IST" skipped="0">
  <testcase classname="AssignmentTestNGPOM.TestCaseassign" name="testcase" time="79.618"/>
  <system-out>
    <![CDATA[Homepage is displayed
Loginpage visible
Logged in as not username' is visible
Account deleted suucessfully]]>
  </system-out>
</testsuite> <!-- AssignmentTestNGPOM.TestCaseassign -->
