<?xml version="1.0" encoding="UTF-8"?>
<!-- Generated by org.testng.reporters.JUnitReportReporter -->
<testsuite hostname="Hari" failures="0" tests="1" name="TestNg.ToLearnTestNg" time="0.022" errors="0" timestamp="2024-10-18T09:49:26 IST" skipped="0">
  <testcase classname="TestNg.ToLearnTestNg" name="Demo" time="0.022"/>
  <system-out/>
</testsuite> <!-- TestNg.ToLearnTestNg -->
