<?xml version="1.0" encoding="UTF-8"?>
<!-- Generated by org.testng.reporters.JUnitReportReporter -->
<testsuite hostname="Hari" failures="0" tests="1" name="Cars.Minicooper" time="22.704" errors="0" timestamp="2024-10-23T09:09:54 IST" skipped="0">
  <testcase classname="Cars.Minicooper" name="launch" time="22.704"/>
  <system-out>
    <![CDATA[Minicooper]]>
  </system-out>
</testsuite> <!-- Cars.Minicooper -->
