<?xml version="1.0" encoding="UTF-8"?>
<!-- Generated by org.testng.reporters.JUnitReportReporter -->
<testsuite hostname="Hari" failures="0" tests="1" name="AssignmentTestNGPOM.TestScript01" time="7.633" errors="0" timestamp="2024-10-24T23:53:06 IST" skipped="0">
  <testcase classname="AssignmentTestNGPOM.TestScript01" name="clickOnSales" time="7.633"/>
  <system-out>
    <![CDATA[Sales page displayed]]>
  </system-out>
</testsuite> <!-- AssignmentTestNGPOM.TestScript01 -->
