<?xml version="1.0" encoding="UTF-8"?>
<!-- Generated by org.testng.reporters.JUnitReportReporter -->
<testsuite hostname="Hari" failures="0" tests="1" name="Assignment01TESTNG.TestScript01" time="5.425" errors="0" timestamp="2024-10-28T09:51:04 IST" skipped="0">
  <testcase classname="Assignment01TESTNG.TestScript01" name="clickOnSales" time="5.425"/>
  <system-out>
    <![CDATA[SalesPage is Displayed]]>
  </system-out>
</testsuite> <!-- Assignment01TESTNG.TestScript01 -->
