<?xml version="1.0" encoding="UTF-8"?>
<!-- Generated by org.testng.reporters.JUnitReportReporter -->
<testsuite hostname="Hari" failures="0" tests="1" name="Assertions.TolearnHardAssert" time="9.339" errors="0" timestamp="2024-10-25T09:28:17 IST" skipped="0">
  <testcase classname="Assertions.TolearnHardAssert" name="launchBrowser" time="9.339"/>
  <system-out>
    <![CDATA[Welcome is displayed
Loginpage is displayed
Homepage is displayed]]>
  </system-out>
</testsuite> <!-- Assertions.TolearnHardAssert -->
