<?xml version="1.0" encoding="UTF-8"?>
<!-- Generated by org.testng.reporters.JUnitReportReporter -->
<testsuite hostname="Hari" failures="0" tests="2" name="Grooming.TestNg.Testng01" time="0.059" errors="0" timestamp="2024-10-18T09:22:01 IST" skipped="0">
  <testcase classname="Grooming.TestNg.Testng01" name="login" time="0.044"/>
  <system-out>
    <![CDATA[login Sucessfully]]>
  </system-out>
  <testcase classname="Grooming.TestNg.Testng01" name="HomePage" time="0.015"/>
  <system-out>
    <![CDATA[HomePage is Displayed]]>
  </system-out>
</testsuite> <!-- Grooming.TestNg.Testng01 -->
