<?xml version="1.0" encoding="UTF-8"?>
<!-- Generated by org.testng.reporters.JUnitReportReporter -->
<testsuite hostname="Hari" failures="0" tests="2" name="TestNg.Sample" time="15.685" errors="0" timestamp="2024-10-19T09:05:46 IST" skipped="0">
  <testcase classname="TestNg.Sample" name="login" time="8.081"/>
  <system-out>
    <![CDATA[Login successfull]]>
  </system-out>
  <testcase classname="TestNg.Sample" name="register" time="7.604"/>
  <system-out>
    <![CDATA[register successfull]]>
  </system-out>
</testsuite> <!-- TestNg.Sample -->
