<?xml version="1.0" encoding="UTF-8"?>
<!-- Generated by org.testng.reporters.JUnitReportReporter -->
<testsuite hostname="Hari" failures="0" tests="2" name="TestNg.ConfigurationAnnotations" time="0.040" errors="0" timestamp="2024-10-24T08:56:13 IST" skipped="0">
  <testcase classname="TestNg.ConfigurationAnnotations" name="demo" time="0.025"/>
  <system-out>
    <![CDATA[@Test(demo)]]>
  </system-out>
  <testcase classname="TestNg.ConfigurationAnnotations" name="sample" time="0.015"/>
  <system-out>
    <![CDATA[@Test(sample)]]>
  </system-out>
</testsuite> <!-- TestNg.ConfigurationAnnotations -->
