<?xml version="1.0" encoding="UTF-8"?>
<!-- Generated by org.testng.reporters.JUnitReportReporter -->
<testsuite hostname="Hari" failures="0" tests="1" name="Assignment01TESTNG.TestScript01" time="9.431" errors="0" timestamp="2024-10-25T09:45:03 IST" skipped="0">
  <testcase classname="Assignment01TESTNG.TestScript01" name="clickOnSales" time="9.431"/>
  <system-out>
    <![CDATA[Sales page displayed]]>
  </system-out>
</testsuite> <!-- Assignment01TESTNG.TestScript01 -->
